<?xml version="1.0" encoding="UTF-8"?>
<!-- Generated by org.testng.reporters.JUnitReportReporter -->
<testsuite hostname="clogeny-PC" name="com.hrm.orange.test.AppTest" tests="2" failures="0" timestamp="7 Nov 2016 12:04:03 GMT" time="28.554" errors="0">
  <testcase name="VerifyLoginFailure" time="13.244" classname="com.hrm.orange.test.AppTest"/>
  <testcase name="VerifyLoginSuccess" time="15.310" classname="com.hrm.orange.test.AppTest"/>
</testsuite> <!-- com.hrm.orange.test.AppTest -->
